<?xml version="1.0" encoding="UTF-8"?>
<testng-results ignored="0" total="1" passed="1" failed="0" skipped="0">
  <reporter-output>
  </reporter-output>
  <suite started-at="2024-07-11T12:34:00 IST" name="Default suite" finished-at="2024-07-11T12:34:00 IST" duration-ms="108">
    <groups>
    </groups>
    <test started-at="2024-07-11T12:34:00 IST" name="Default test" finished-at="2024-07-11T12:34:00 IST" duration-ms="108">
      <class name="ps1">
        <test-method signature="testRun()[pri:0, instance:ps1@449a4f23]" started-at="2024-07-11T12:34:00 IST" name="testRun" finished-at="2024-07-11T12:34:00 IST" duration-ms="10" status="PASS">
          <reporter-output>
          </reporter-output>
        </test-method> <!-- testRun -->
      </class> <!-- ps1 -->
    </test> <!-- Default test -->
  </suite> <!-- Default suite -->
</testng-results>
